{
  "stats": {
    "suites": 1,
    "tests": 1,
    "passes": 1,
    "pending": 0,
    "failures": 0,
    "start": "2021-03-03T21:13:26.214Z",
    "end": "2021-03-03T21:13:30.448Z",
    "duration": 4234,
    "testsRegistered": 1,
    "passPercent": 100,
    "pendingPercent": 0,
    "other": 0,
    "hasOther": false,
    "skipped": 0,
    "hasSkipped": false
  },
  "results": [
    {
      "uuid": "a75fdea1-a124-4072-a858-d1c512e7a991",
      "title": "",
      "fullFile": "cypress/integration/testcase/homepage.spec.js",
      "file": "cypress/integration/testcase/homepage.spec.js",
      "beforeHooks": [],
      "afterHooks": [],
      "tests": [],
      "suites": [
        {
          "uuid": "0b534fb4-ac53-402e-a738-69a4c06fde09",
          "title": "Check the link of the Home Page",
          "fullFile": "",
          "file": "",
          "beforeHooks": [],
          "afterHooks": [],
          "tests": [
            {
              "title": "Verify the Search Button",
              "fullTitle": "Check the link of the Home Page Verify the Search Button",
              "timedOut": null,
              "duration": 2030,
              "state": "passed",
              "speed": "slow",
              "pass": true,
              "fail": false,
              "pending": false,
              "context": null,
              "code": "_homePage[\"default\"].getSearch().should(\"be.visible\").should(\"be.enabled\").clear().type(\"zero{enter}\");\ncy.contains(\"Zero - FAQ - Frequently Asked Questions\").should(\"have.text\", \"Zero - FAQ - Frequently Asked Questions\");\ncy.get('div[class=\"top_offset\"]>ul>li>a').each(function ($el, index, $list) {\n  cy.log(index);\n  if ($el.index[2] == \"Zero - FAQ - Frequently Asked Questions\") cy.wrap($el).click();\n});",
              "err": {},
              "uuid": "ae37c8df-aa65-4ae5-b6d6-c9444088a12e",
              "parentUUID": "0b534fb4-ac53-402e-a738-69a4c06fde09",
              "isHook": false,
              "skipped": false
            }
          ],
          "suites": [],
          "passes": [
            "ae37c8df-aa65-4ae5-b6d6-c9444088a12e"
          ],
          "failures": [],
          "pending": [],
          "skipped": [],
          "duration": 2030,
          "root": false,
          "rootEmpty": false,
          "_timeout": 2000
        }
      ],
      "passes": [],
      "failures": [],
      "pending": [],
      "skipped": [],
      "duration": 0,
      "root": true,
      "rootEmpty": true,
      "_timeout": 2000
    }
  ],
  "meta": {
    "mocha": {
      "version": "7.0.1"
    },
    "mochawesome": {
      "options": {
        "quiet": false,
        "reportFilename": "mochawesome",
        "saveHtml": false,
        "saveJson": true,
        "consoleReporter": "spec",
        "useInlineDiffs": false,
        "code": true
      },
      "version": "6.2.2"
    },
    "marge": {
      "options": {
        "id": "default",
        "reportDir": "cypress/results/mochawesome",
        "quite": true,
        "overwrite": false,
        "html": false,
        "json": true
      },
      "version": "5.2.0"
    }
  }
}