{
  "stats": {
    "suites": 1,
    "tests": 1,
    "passes": 1,
    "pending": 0,
    "failures": 0,
    "start": "2021-03-03T21:14:21.541Z",
    "end": "2021-03-03T21:14:28.107Z",
    "duration": 6566,
    "testsRegistered": 1,
    "passPercent": 100,
    "pendingPercent": 0,
    "other": 0,
    "hasOther": false,
    "skipped": 0,
    "hasSkipped": false
  },
  "results": [
    {
      "uuid": "1ab23c59-a548-48d4-8c64-a51807b4f2bc",
      "title": "",
      "fullFile": "cypress/integration/testcase/transferFundsPage.spec.js",
      "file": "cypress/integration/testcase/transferFundsPage.spec.js",
      "beforeHooks": [],
      "afterHooks": [],
      "tests": [],
      "suites": [
        {
          "uuid": "8f13252e-3a71-4518-8a3b-2c3158283c6c",
          "title": "check the different links available at the page",
          "fullFile": "",
          "file": "",
          "beforeHooks": [],
          "afterHooks": [],
          "tests": [
            {
              "title": "Move to Transfer Funds Page & test all the elements of the Page",
              "fullTitle": "check the different links available at the page Move to Transfer Funds Page & test all the elements of the Page",
              "timedOut": null,
              "duration": 5248,
              "state": "passed",
              "speed": "slow",
              "pass": true,
              "fail": false,
              "pending": false,
              "context": null,
              "code": "//Click at the Transfer Funds and Assert\n_common[\"default\"].getTransferFunds().click();\n_transferFundsPage[\"default\"].getTFPageheading().should('be.visible'); //Click at From Account and Select from the Drop Down\n\n_transferFundsPage[\"default\"].getFromAccount().select('3'); //Click at the To Account & Select from the Drop Down\n\n_transferFundsPage[\"default\"].getToAccount().select('Loan(Avail. balance = $ 780)').should('have.value', '4'); //Click at Amount & Pass the Random Amount\n\n_transferFundsPage[\"default\"].getAmount().should('be.visible').should('be.enabled').type(UniqueNumber); //Click at Description & Pass the Random Text\n\n_transferFundsPage[\"default\"].getDescription().should('be.visible').should('be.enabled').type(randomtext); //Click at Continue Button\n\n_transferFundsPage[\"default\"].getContinueButton().should('be.visible').click(); //Assert the Verification Message\n\n_transferFundsPage[\"default\"].getVerificationMessage().should('have.text', 'Transfer Money & Make Payments - Verify'); //Click at Submit Button\n\n_transferFundsPage[\"default\"].getSubmitButton().should('be.visible').click(); //Assert the Confirmation Message\n\n_transferFundsPage[\"default\"].getConfirmationMessage().should('have.text', 'Transfer Money & Make Payments - Confirm');",
              "err": {},
              "uuid": "a55f6df2-e6dd-41fa-b0d7-1a1e9264b6ee",
              "parentUUID": "8f13252e-3a71-4518-8a3b-2c3158283c6c",
              "isHook": false,
              "skipped": false
            }
          ],
          "suites": [],
          "passes": [
            "a55f6df2-e6dd-41fa-b0d7-1a1e9264b6ee"
          ],
          "failures": [],
          "pending": [],
          "skipped": [],
          "duration": 5248,
          "root": false,
          "rootEmpty": false,
          "_timeout": 2000
        }
      ],
      "passes": [],
      "failures": [],
      "pending": [],
      "skipped": [],
      "duration": 0,
      "root": true,
      "rootEmpty": true,
      "_timeout": 2000
    }
  ],
  "meta": {
    "mocha": {
      "version": "7.0.1"
    },
    "mochawesome": {
      "options": {
        "quiet": false,
        "reportFilename": "mochawesome",
        "saveHtml": false,
        "saveJson": true,
        "consoleReporter": "spec",
        "useInlineDiffs": false,
        "code": true
      },
      "version": "6.2.2"
    },
    "marge": {
      "options": {
        "id": "default",
        "reportDir": "cypress/results/mochawesome",
        "quite": true,
        "overwrite": false,
        "html": false,
        "json": true
      },
      "version": "5.2.0"
    }
  }
}